2026-03-25 05:17:20,638 src.data.pipeline Building data pipeline...
2026-03-25 05:17:20,638 src.data.loader Loading prices from /home/poogee/kursach_2/data/top3000_data_df.parquet
2026-03-25 05:17:21,797 src.data.loader Loaded prices: shape=(11346, 10611), date range=1979-12-31 00:00:00 to 2024-12-31 00:00:00
2026-03-25 05:17:21,798 src.data.loader Loading market_caps from /home/poogee/kursach_2/data/top3000_market_caps.parquet
2026-03-25 05:17:22,519 src.data.loader Loaded market_caps: shape=(11346, 10593), date range=1979-12-31 00:00:00 to 2024-12-31 00:00:00
2026-03-25 05:17:22,519 src.data.loader Loading dividends from /home/poogee/kursach_2/data/top3000_dividends.parquet
2026-03-25 05:17:22,927 src.data.loader Loaded dividends: shape=(11346, 10593), date range=1979-12-31 00:00:00 to 2024-12-31 00:00:00
2026-03-25 05:17:22,927 src.data.loader Loading presence from /home/poogee/kursach_2/data/top3000_presence_matrix.parquet
2026-03-25 05:17:23,414 src.data.loader Loaded presence: shape=(16438, 10593), date range=1979-12-31 00:00:00 to 2024-12-31 00:00:00
2026-03-25 05:17:23,414 src.data.pipeline Validating data integrity...
2026-03-25 05:17:26,143 src.data.pipeline 88179 negative/zero prices detected (0.2674% of non-NaN values)
2026-03-25 05:17:26,144 src.data.pipeline Data covers: prices 1979-12-31–2024-12-31 (11346 days), presence 1979-12-31–2024-12-31 (16438 days)
2026-03-25 05:17:26,158 src.data.pipeline 18 assets in prices but not in presence matrix: ['seasonality', 'mkt-rf', 'profit_growth', 'profitability', 'low_leverage']...
2026-03-25 05:17:26,158 src.data.pipeline Validation passed.
2026-03-25 05:17:26,224 src.data.pipeline Common assets across all datasets: 10593
2026-03-25 05:17:36,722 src.data.universe UniverseSelector initialized with 10593 assets
2026-03-25 05:18:01,673 src.data.pipeline Pipeline complete — train: 5031 days, 274 assets; test: 1258 days, 142 assets
2026-03-25 05:18:02,098 long Using 115 assets
2026-03-25 05:18:02,098 long TRAINING: PPO_simple_mw15_2M
2026-03-25 05:18:03,307 src.rl.agent Training LongPPO agent (PPO, reward=composite) for 2000000 timesteps on 115 assets...
2026-03-25 06:04:32,725 src.rl.agent Training complete.
2026-03-25 06:04:40,241 long PPO_simple_mw15_2M: 2798s | Sharpe=0.515 | Ret=53.0% | DD=32.2%
2026-03-25 06:04:40,253 long TRAINING: PPO_simple_mw15_3M
2026-03-25 06:04:40,622 src.rl.agent Training LongPPO agent (PPO, reward=composite) for 3000000 timesteps on 115 assets...
