2026-03-25 03:58:11,934 src.data.pipeline Building data pipeline...
2026-03-25 03:58:11,934 src.data.loader Loading prices from /home/poogee/kursach_2/data/top3000_data_df.parquet
2026-03-25 03:58:12,588 src.data.loader Loaded prices: shape=(11346, 10611), date range=1979-12-31 00:00:00 to 2024-12-31 00:00:00
2026-03-25 03:58:12,588 src.data.loader Loading market_caps from /home/poogee/kursach_2/data/top3000_market_caps.parquet
2026-03-25 03:58:13,665 src.data.loader Loaded market_caps: shape=(11346, 10593), date range=1979-12-31 00:00:00 to 2024-12-31 00:00:00
2026-03-25 03:58:13,665 src.data.loader Loading dividends from /home/poogee/kursach_2/data/top3000_dividends.parquet
2026-03-25 03:58:14,490 src.data.loader Loaded dividends: shape=(11346, 10593), date range=1979-12-31 00:00:00 to 2024-12-31 00:00:00
2026-03-25 03:58:14,491 src.data.loader Loading presence from /home/poogee/kursach_2/data/top3000_presence_matrix.parquet
2026-03-25 03:58:15,441 src.data.loader Loaded presence: shape=(16438, 10593), date range=1979-12-31 00:00:00 to 2024-12-31 00:00:00
2026-03-25 03:58:15,441 src.data.pipeline Validating data integrity...
2026-03-25 03:58:18,560 src.data.pipeline 88179 negative/zero prices detected (0.2674% of non-NaN values)
2026-03-25 03:58:18,561 src.data.pipeline Data covers: prices 1979-12-31–2024-12-31 (11346 days), presence 1979-12-31–2024-12-31 (16438 days)
2026-03-25 03:58:18,573 src.data.pipeline 18 assets in prices but not in presence matrix: ['spx', 'profitability', 'spx_fut', 'short_term_reversal', 'low_leverage']...
2026-03-25 03:58:18,573 src.data.pipeline Validation passed.
2026-03-25 03:58:18,627 src.data.pipeline Common assets across all datasets: 10593
2026-03-25 03:58:30,141 src.data.universe UniverseSelector initialized with 10593 assets
2026-03-25 03:59:01,497 src.data.pipeline Pipeline complete — train: 5031 days, 274 assets; test: 1258 days, 142 assets
2026-03-25 03:59:01,568 v4_fast Intersection: 115 assets
2026-03-25 03:59:02,815 v4_fast Training PPO_lb5_mw05...
2026-03-25 03:59:07,349 src.rl.agent Training FastPPO agent (PPO, reward=composite) for 500000 timesteps on 115 assets...
2026-03-25 04:10:43,104 src.rl.agent Training complete.
2026-03-25 04:10:49,886 v4_fast PPO_lb5_mw05: 707s | Sharpe=0.406 | Ret=36.6% | DD=36.3%
2026-03-25 04:10:49,886 v4_fast Training PPO_lb5_mw08...
2026-03-25 04:10:50,298 src.rl.agent Training FastPPO agent (PPO, reward=composite) for 500000 timesteps on 115 assets...
2026-03-25 04:18:32,040 src.rl.agent Training complete.
2026-03-25 04:18:38,780 v4_fast PPO_lb5_mw08: 469s | Sharpe=0.427 | Ret=39.7% | DD=34.4%
2026-03-25 04:18:38,780 v4_fast Training PPO_lb5_mw10...
2026-03-25 04:18:39,091 src.rl.agent Training FastPPO agent (PPO, reward=composite) for 500000 timesteps on 115 assets...
2026-03-25 04:26:17,897 src.rl.agent Training complete.
2026-03-25 04:26:24,644 v4_fast PPO_lb5_mw10: 466s | Sharpe=0.353 | Ret=29.1% | DD=33.6%
2026-03-25 04:26:24,644 v4_fast Training PPO_lb5_mw15...
2026-03-25 04:26:24,945 src.rl.agent Training FastPPO agent (PPO, reward=composite) for 500000 timesteps on 115 assets...
2026-03-25 04:34:04,870 src.rl.agent Training complete.
2026-03-25 04:34:11,595 v4_fast PPO_lb5_mw15: 467s | Sharpe=0.501 | Ret=50.8% | DD=32.8%
2026-03-25 04:34:11,596 v4_fast Training PPO_lb5_mw20...
2026-03-25 04:34:11,896 src.rl.agent Training FastPPO agent (PPO, reward=composite) for 500000 timesteps on 115 assets...
2026-03-25 04:41:48,626 src.rl.agent Training complete.
2026-03-25 04:41:55,330 v4_fast PPO_lb5_mw20: 464s | Sharpe=0.499 | Ret=50.5% | DD=32.8%

================================================================================
MAX_WEIGHT SWEEP (lookback=5, 500K steps, 115 assets)
================================================================================
  PPO_lb5_mw15              | Sharpe=  0.501 | Ret=   50.80% | DD=  32.77%
  PPO_lb5_mw20              | Sharpe=  0.499 | Ret=   50.52% | DD=  32.78%
  PPO_lb5_mw08              | Sharpe=  0.427 | Ret=   39.68% | DD=  34.44%
  PPO_lb5_mw05              | Sharpe=  0.406 | Ret=   36.62% | DD=  36.27%
  PPO_lb5_mw10              | Sharpe=  0.353 | Ret=   29.15% | DD=  33.60%
================================================================================
