2026-03-25 01:17:51,832 __main__ Loading data...
2026-03-25 01:17:51,832 src.data.pipeline Building data pipeline...
2026-03-25 01:17:51,832 src.data.loader Loading prices from /home/poogee/kursach_2/data/top3000_data_df.parquet
2026-03-25 01:17:52,442 src.data.loader Loaded prices: shape=(11346, 10611), date range=1979-12-31 00:00:00 to 2024-12-31 00:00:00
2026-03-25 01:17:52,442 src.data.loader Loading market_caps from /home/poogee/kursach_2/data/top3000_market_caps.parquet
2026-03-25 01:17:52,969 src.data.loader Loaded market_caps: shape=(11346, 10593), date range=1979-12-31 00:00:00 to 2024-12-31 00:00:00
2026-03-25 01:17:52,969 src.data.loader Loading dividends from /home/poogee/kursach_2/data/top3000_dividends.parquet
2026-03-25 01:17:53,336 src.data.loader Loaded dividends: shape=(11346, 10593), date range=1979-12-31 00:00:00 to 2024-12-31 00:00:00
2026-03-25 01:17:53,336 src.data.loader Loading presence from /home/poogee/kursach_2/data/top3000_presence_matrix.parquet
2026-03-25 01:17:53,828 src.data.loader Loaded presence: shape=(16438, 10593), date range=1979-12-31 00:00:00 to 2024-12-31 00:00:00
2026-03-25 01:17:53,828 src.data.pipeline Validating data integrity...
2026-03-25 01:17:55,414 src.data.pipeline 88179 negative/zero prices detected (0.2674% of non-NaN values)
2026-03-25 01:17:55,414 src.data.pipeline Data covers: prices 1979-12-31–2024-12-31 (11346 days), presence 1979-12-31–2024-12-31 (16438 days)
2026-03-25 01:17:55,425 src.data.pipeline 18 assets in prices but not in presence matrix: ['seasonality', 'spx_fut', 'low_risk', 'debt_issuance', 'spx-rf']...
2026-03-25 01:17:55,425 src.data.pipeline Validation passed.
2026-03-25 01:17:55,478 src.data.pipeline Common assets across all datasets: 10593
2026-03-25 01:18:03,073 src.data.universe UniverseSelector initialized with 10593 assets
2026-03-25 01:18:23,604 src.data.pipeline Pipeline complete — train: 5031 days, 75 assets; test: 1258 days, 45 assets
2026-03-25 01:18:23,675 __main__ Common universe: 86 assets
2026-03-25 01:18:23,917 __main__ Train: 5031 days, 86 assets | Test: 1258 days, 86 assets
2026-03-25 01:18:23,917 __main__ ============================================================
2026-03-25 01:18:23,917 __main__ TRAINING: PPO_optuna_500K
2026-03-25 01:18:25,026 src.rl.agent Training OptunaCompositePPO agent (PPO, reward=composite) for 500000 timesteps on 86 assets...
